#######################################
#######################################

LightCycler480 KASPar Raw Data Processor
Date & Time: Sun Sep 18 20:59:17 2016 
For more info contact: Michael.way.11@ucl.ac.uk 

#######################################
#######################################

KASPar dataframe: examples/SNP1.txt loaded
#######################################

Genotype Calls in Raw Data:

    Allele X     Allele Y Both Alleles     Negative      Unknown 
         553          877         1356          135          151 


Genotype Calls by plate:
                                         
                                          Allele X Allele Y Both Alleles Negative Unknown
  "SNP1_CENTER1_2+SAMPLE1_2_101215"             68      116          188       10       2
  "SNP1_CENTER3_4+SAMPLE3_4_151215"             69      100          167       29      19
  "SNP1_CENTER5_6+SAMPLE5_6_7_151215"           71      119          169       15      10
  "SNP1_CENTER7_8+SAMPLE8_9_151215"             67      103          179        6      29
  "SNP1_CENTER9_10+SAMPLE10_13_11_151215"       65       91          171       31      26
  "SNP1_SAMPLE12_14_15_16_151215"               87      122          133       13      29
  "SNP1_SAMPLE_17_18_19_RFH_CIRR_151215"        58      105          179       22      20
  "SNP1_SAMPLE_8_9_10_12_171215"                68      121          170        9      16


Frequencies by plate:
                                         Allele X Allele Y Both Alleles Negative Unknown
                                                                                        
"SNP1_CENTER1_2+SAMPLE1_2_101215"           18.00    30.00        49.00     2.60    0.52
"SNP1_CENTER3_4+SAMPLE3_4_151215"           18.00    26.00        43.00     7.60    4.90
"SNP1_CENTER5_6+SAMPLE5_6_7_151215"         18.00    31.00        44.00     3.90    2.60
"SNP1_CENTER7_8+SAMPLE8_9_151215"           17.00    27.00        47.00     1.60    7.60
"SNP1_CENTER9_10+SAMPLE10_13_11_151215"     17.00    24.00        45.00     8.10    6.80
"SNP1_SAMPLE12_14_15_16_151215"             23.00    32.00        35.00     3.40    7.60
"SNP1_SAMPLE_17_18_19_RFH_CIRR_151215"      15.00    27.00        47.00     5.70    5.20
"SNP1_SAMPLE_8_9_10_12_171215"              18.00    32.00        44.00     2.30    4.20
#######################################

Number of duplicates: 715 
Number of conflicts: 3 

Conflict Rate: 0.004195804 

Conflicting samples are :
 "SAMPLE0608" "SAMPLE2224" "SAMPLE2462"

#######################################

Genotype Calls in Clean Data:

    Allele X     Allele Y Both Alleles 
         486          749         1186 
         Var1 Freq
     Allele X  486
     Allele Y  749
 Both Alleles 1186


Allele X frequency: 0.45
Allele Y freqency: 0.55
Minor allele is: X